<?xml version="1.0" encoding="UTF-8"?>
<!-- Generated by org.testng.reporters.JUnitReportReporter -->
<testsuite skipped="0" hostname="arha-PC" name="web.greyatom.LearningPlatform" tests="1" failures="0" timestamp="25 Jun 2019 17:07:08 GMT" time="48.636" errors="0">
  <testcase name="testProgram" time="48.636" classname="web.greyatom.LearningPlatform"/>
</testsuite> <!-- web.greyatom.LearningPlatform -->
